<?xml version="1.0" encoding="UTF-8"?>
<!-- Generated by org.testng.reporters.JUnitReportReporter -->
<testsuite hostname="Saurabhs-MacBook-Pro.local" failures="0" tests="1" name="com.renewBuy.tests.AmazonTests" time="28.176" errors="0" timestamp="2022-06-23T12:21:08 IST" skipped="0">
  <testcase classname="com.renewBuy.tests.AmazonTests" name="searchProduct" time="28.176"/>
  <system-out/>
</testsuite> <!-- com.renewBuy.tests.AmazonTests -->
