<?xml version="1.0" encoding="UTF-8"?>
<!-- Generated by org.testng.reporters.JUnitReportReporter -->
<testsuite hostname="Saurabhs-MacBook-Pro.local" failures="0" tests="2" name="com.renewBuy.tests.AmazonTests" time="34.608" errors="0" timestamp="2022-06-17T13:23:21 IST" skipped="0">
  <testcase classname="com.renewBuy.tests.AmazonTests" name="verifyHomepageTitle" time="16.043"/>
  <system-out/>
  <testcase classname="com.renewBuy.tests.AmazonTests" name="searchProduct" time="18.565"/>
  <system-out/>
</testsuite> <!-- com.renewBuy.tests.AmazonTests -->
