<?xml version="1.0" encoding="UTF-8"?>
<!-- Generated by org.testng.reporters.JUnitReportReporter -->
<testsuite hostname="Saurabhs-MacBook-Pro.local" failures="0" tests="1" name="com.renewBuy.tests.AmazonTests" time="15.139" errors="0" timestamp="2022-07-01T13:54:05 IST" skipped="0">
  <testcase classname="com.renewBuy.tests.AmazonTests" name="verifyHomepageTitle" time="15.139"/>
  <system-out/>
</testsuite> <!-- com.renewBuy.tests.AmazonTests -->
