<?xml version="1.0" encoding="UTF-8"?>
<!-- Generated by org.testng.reporters.JUnitReportReporter -->
<testsuite hostname="Saurabhs-MacBook-Pro.local" failures="0" tests="2" name="com.renewBuy.tests.AmazonTests" time="52.419" errors="0" timestamp="2022-06-24T12:30:45 IST" skipped="0">
  <testcase classname="com.renewBuy.tests.AmazonTests" name="searchProductDataDriven" time="25.772"/>
  <system-out/>
  <testcase classname="com.renewBuy.tests.AmazonTests" name="searchProductDataDriven" time="26.647"/>
  <system-out/>
</testsuite> <!-- com.renewBuy.tests.AmazonTests -->
