<?xml version="1.0" encoding="UTF-8"?>
<!-- Generated by org.testng.reporters.JUnitReportReporter -->
<testsuite hostname="Saurabhs-MacBook-Pro.local" failures="0" tests="2" name="com.renewBuy.tests.AmazonTests" time="51.880" errors="0" timestamp="2022-07-01T11:19:57 IST" skipped="0">
  <testcase classname="com.renewBuy.tests.AmazonTests" name="searchProductDataDriven" time="27.591"/>
  <system-out/>
  <testcase classname="com.renewBuy.tests.AmazonTests" name="searchProductDataDriven" time="24.289"/>
  <system-out/>
</testsuite> <!-- com.renewBuy.tests.AmazonTests -->
