<?xml version="1.0" encoding="UTF-8"?>
<!-- Generated by org.testng.reporters.JUnitReportReporter -->
<testsuite hostname="Saurabhs-MacBook-Pro.local" failures="0" tests="1" name="test.TestExcelDriver" time="1.030" errors="0" timestamp="2022-06-24T12:10:51 IST" skipped="0">
  <testcase classname="test.TestExcelDriver" name="verifyExcelDriver" time="1.030"/>
  <system-out/>
</testsuite> <!-- test.TestExcelDriver -->
